14-Feb-2023 09:26:35.135 정보 [main] org.apache.catalina.startup.VersionLoggerListener.log 서버 버전 이름:    Apache Tomcat/10.0.27
14-Feb-2023 09:26:35.143 정보 [main] org.apache.catalina.startup.VersionLoggerListener.log Server 빌드 시각:  Oct 3 2022 14:18:31 UTC
14-Feb-2023 09:26:35.146 정보 [main] org.apache.catalina.startup.VersionLoggerListener.log Server 버전 번호:  10.0.27.0
14-Feb-2023 09:26:35.147 정보 [main] org.apache.catalina.startup.VersionLoggerListener.log 운영체제 이름:     Linux
14-Feb-2023 09:26:35.147 정보 [main] org.apache.catalina.startup.VersionLoggerListener.log 운영체제 버전:     5.15.0-56-generic
14-Feb-2023 09:26:35.147 정보 [main] org.apache.catalina.startup.VersionLoggerListener.log 아키텍처:          amd64
14-Feb-2023 09:26:35.147 정보 [main] org.apache.catalina.startup.VersionLoggerListener.log 자바 홈:           /usr/lib/jvm/java-8-openjdk-amd64/jre
14-Feb-2023 09:26:35.148 정보 [main] org.apache.catalina.startup.VersionLoggerListener.log JVM 버전:          1.8.0_352-8u352-ga-1~20.04-b08
14-Feb-2023 09:26:35.148 정보 [main] org.apache.catalina.startup.VersionLoggerListener.log JVM 벤더:          Private Build
14-Feb-2023 09:26:35.148 정보 [main] org.apache.catalina.startup.VersionLoggerListener.log CATALINA_BASE:     /usr/local/apache-tomcat-10.0.27
14-Feb-2023 09:26:35.148 정보 [main] org.apache.catalina.startup.VersionLoggerListener.log CATALINA_HOME:     /usr/local/apache-tomcat-10.0.27
14-Feb-2023 09:26:35.167 정보 [main] org.apache.catalina.startup.VersionLoggerListener.log 명령 행 아규먼트:  -Djava.util.logging.config.file=/usr/local/apache-tomcat-10.0.27/conf/logging.properties
14-Feb-2023 09:26:35.167 정보 [main] org.apache.catalina.startup.VersionLoggerListener.log 명령 행 아규먼트:  -Djava.util.logging.manager=org.apache.juli.ClassLoaderLogManager
14-Feb-2023 09:26:35.167 정보 [main] org.apache.catalina.startup.VersionLoggerListener.log 명령 행 아규먼트:  -Djdk.tls.ephemeralDHKeySize=2048
14-Feb-2023 09:26:35.168 정보 [main] org.apache.catalina.startup.VersionLoggerListener.log 명령 행 아규먼트:  -Djava.protocol.handler.pkgs=org.apache.catalina.webresources
14-Feb-2023 09:26:35.168 정보 [main] org.apache.catalina.startup.VersionLoggerListener.log 명령 행 아규먼트:  -Dorg.apache.catalina.security.SecurityListener.UMASK=0027
14-Feb-2023 09:26:35.168 정보 [main] org.apache.catalina.startup.VersionLoggerListener.log 명령 행 아규먼트:  -Dignore.endorsed.dirs=
14-Feb-2023 09:26:35.168 정보 [main] org.apache.catalina.startup.VersionLoggerListener.log 명령 행 아규먼트:  -Dcatalina.base=/usr/local/apache-tomcat-10.0.27
14-Feb-2023 09:26:35.168 정보 [main] org.apache.catalina.startup.VersionLoggerListener.log 명령 행 아규먼트:  -Dcatalina.home=/usr/local/apache-tomcat-10.0.27
14-Feb-2023 09:26:35.169 정보 [main] org.apache.catalina.startup.VersionLoggerListener.log 명령 행 아규먼트:  -Djava.io.tmpdir=/usr/local/apache-tomcat-10.0.27/temp
14-Feb-2023 09:26:35.176 정보 [main] org.apache.catalina.core.AprLifecycleListener.lifecycleEvent 프로덕션 환경들에서 최적의 성능을 제공하는, APR 기반 Apache Tomcat Native 라이브러리가, 다음 java.library.path에서 발견되지 않습니다: [/usr/java/packages/lib/amd64:/usr/lib/x86_64-linux-gnu/jni:/lib/x86_64-linux-gnu:/usr/lib/x86_64-linux-gnu:/usr/lib/jni:/lib:/usr/lib]
14-Feb-2023 09:26:36.327 정보 [main] org.apache.coyote.AbstractProtocol.init 프로토콜 핸들러 ["http-nio-80"]을(를) 초기화합니다.
14-Feb-2023 09:26:36.388 정보 [main] org.apache.catalina.startup.Catalina.load [1824] 밀리초 내에 서버가 초기화되었습니다.
14-Feb-2023 09:26:36.479 정보 [main] org.apache.catalina.core.StandardService.startInternal 서비스 [Catalina]을(를) 시작합니다.
14-Feb-2023 09:26:36.480 정보 [main] org.apache.catalina.core.StandardEngine.startInternal 서버 엔진을 시작합니다: [Apache Tomcat/10.0.27]
14-Feb-2023 09:26:36.501 정보 [main] org.apache.catalina.startup.HostConfig.deployDirectory 웹 애플리케이션 디렉토리 [/usr/local/apache-tomcat-10.0.27/webapps/examples]을(를) 배치합니다.
14-Feb-2023 09:26:37.759 정보 [main] org.apache.catalina.startup.HostConfig.deployDirectory 웹 애플리케이션 디렉토리 [/usr/local/apache-tomcat-10.0.27/webapps/examples]에 대한 배치가 [1,251] 밀리초에 완료되었습니다.
14-Feb-2023 09:26:37.760 정보 [main] org.apache.catalina.startup.HostConfig.deployDirectory 웹 애플리케이션 디렉토리 [/usr/local/apache-tomcat-10.0.27/webapps/docs]을(를) 배치합니다.
14-Feb-2023 09:26:37.815 정보 [main] org.apache.catalina.startup.HostConfig.deployDirectory 웹 애플리케이션 디렉토리 [/usr/local/apache-tomcat-10.0.27/webapps/docs]에 대한 배치가 [54] 밀리초에 완료되었습니다.
14-Feb-2023 09:26:37.815 정보 [main] org.apache.catalina.startup.HostConfig.deployDirectory 웹 애플리케이션 디렉토리 [/usr/local/apache-tomcat-10.0.27/webapps/manager]을(를) 배치합니다.
14-Feb-2023 09:26:37.912 정보 [main] org.apache.catalina.startup.HostConfig.deployDirectory 웹 애플리케이션 디렉토리 [/usr/local/apache-tomcat-10.0.27/webapps/manager]에 대한 배치가 [97] 밀리초에 완료되었습니다.
14-Feb-2023 09:26:37.912 정보 [main] org.apache.catalina.startup.HostConfig.deployDirectory 웹 애플리케이션 디렉토리 [/usr/local/apache-tomcat-10.0.27/webapps/ROOT]을(를) 배치합니다.
14-Feb-2023 09:26:37.963 정보 [main] org.apache.catalina.startup.HostConfig.deployDirectory 웹 애플리케이션 디렉토리 [/usr/local/apache-tomcat-10.0.27/webapps/ROOT]에 대한 배치가 [51] 밀리초에 완료되었습니다.
14-Feb-2023 09:26:37.964 정보 [main] org.apache.catalina.startup.HostConfig.deployDirectory 웹 애플리케이션 디렉토리 [/usr/local/apache-tomcat-10.0.27/webapps/host-manager]을(를) 배치합니다.
14-Feb-2023 09:26:38.026 정보 [main] org.apache.catalina.startup.HostConfig.deployDirectory 웹 애플리케이션 디렉토리 [/usr/local/apache-tomcat-10.0.27/webapps/host-manager]에 대한 배치가 [62] 밀리초에 완료되었습니다.
14-Feb-2023 09:26:38.034 정보 [main] org.apache.coyote.AbstractProtocol.start 프로토콜 핸들러 ["http-nio-80"]을(를) 시작합니다.
14-Feb-2023 09:26:38.072 정보 [main] org.apache.catalina.startup.Catalina.start 서버가 [1683] 밀리초 내에 시작되었습니다.
14-Feb-2023 09:28:00.385 정보 [main] org.apache.catalina.core.StandardServer.await 셧다운 포트를 통해 유효한 셧다운 명령을 받았습니다. 서버 인스턴스를 중지시킵니다.
14-Feb-2023 09:28:00.387 정보 [main] org.apache.coyote.AbstractProtocol.pause 프로토콜 핸들러 ["http-nio-80"]을(를) 일시 정지 중
14-Feb-2023 09:28:00.406 정보 [main] org.apache.catalina.core.StandardService.stopInternal 서비스 [Catalina]을(를) 중지시킵니다.
14-Feb-2023 09:28:00.473 정보 [main] org.apache.coyote.AbstractProtocol.stop 프로토콜 핸들러 ["http-nio-80"]을(를) 중지시킵니다.
14-Feb-2023 09:28:00.499 정보 [main] org.apache.coyote.AbstractProtocol.destroy 프로토콜 핸들러 ["http-nio-80"]을(를) 소멸시킵니다.
14-Feb-2023 09:28:13.266 정보 [main] org.apache.catalina.startup.VersionLoggerListener.log 서버 버전 이름:    Apache Tomcat/10.0.27
14-Feb-2023 09:28:13.273 정보 [main] org.apache.catalina.startup.VersionLoggerListener.log Server 빌드 시각:  Oct 3 2022 14:18:31 UTC
14-Feb-2023 09:28:13.273 정보 [main] org.apache.catalina.startup.VersionLoggerListener.log Server 버전 번호:  10.0.27.0
14-Feb-2023 09:28:13.273 정보 [main] org.apache.catalina.startup.VersionLoggerListener.log 운영체제 이름:     Linux
14-Feb-2023 09:28:13.274 정보 [main] org.apache.catalina.startup.VersionLoggerListener.log 운영체제 버전:     5.15.0-56-generic
14-Feb-2023 09:28:13.274 정보 [main] org.apache.catalina.startup.VersionLoggerListener.log 아키텍처:          amd64
14-Feb-2023 09:28:13.276 정보 [main] org.apache.catalina.startup.VersionLoggerListener.log 자바 홈:           /usr/lib/jvm/java-8-openjdk-amd64/jre
14-Feb-2023 09:28:13.276 정보 [main] org.apache.catalina.startup.VersionLoggerListener.log JVM 버전:          1.8.0_352-8u352-ga-1~20.04-b08
14-Feb-2023 09:28:13.276 정보 [main] org.apache.catalina.startup.VersionLoggerListener.log JVM 벤더:          Private Build
14-Feb-2023 09:28:13.277 정보 [main] org.apache.catalina.startup.VersionLoggerListener.log CATALINA_BASE:     /usr/local/apache-tomcat-10.0.27
14-Feb-2023 09:28:13.277 정보 [main] org.apache.catalina.startup.VersionLoggerListener.log CATALINA_HOME:     /usr/local/apache-tomcat-10.0.27
14-Feb-2023 09:28:13.280 정보 [main] org.apache.catalina.startup.VersionLoggerListener.log 명령 행 아규먼트:  -Djava.util.logging.config.file=/usr/local/apache-tomcat-10.0.27/conf/logging.properties
14-Feb-2023 09:28:13.281 정보 [main] org.apache.catalina.startup.VersionLoggerListener.log 명령 행 아규먼트:  -Djava.util.logging.manager=org.apache.juli.ClassLoaderLogManager
14-Feb-2023 09:28:13.281 정보 [main] org.apache.catalina.startup.VersionLoggerListener.log 명령 행 아규먼트:  -Djdk.tls.ephemeralDHKeySize=2048
14-Feb-2023 09:28:13.281 정보 [main] org.apache.catalina.startup.VersionLoggerListener.log 명령 행 아규먼트:  -Djava.protocol.handler.pkgs=org.apache.catalina.webresources
14-Feb-2023 09:28:13.281 정보 [main] org.apache.catalina.startup.VersionLoggerListener.log 명령 행 아규먼트:  -Dorg.apache.catalina.security.SecurityListener.UMASK=0027
14-Feb-2023 09:28:13.282 정보 [main] org.apache.catalina.startup.VersionLoggerListener.log 명령 행 아규먼트:  -Dignore.endorsed.dirs=
14-Feb-2023 09:28:13.282 정보 [main] org.apache.catalina.startup.VersionLoggerListener.log 명령 행 아규먼트:  -Dcatalina.base=/usr/local/apache-tomcat-10.0.27
14-Feb-2023 09:28:13.292 정보 [main] org.apache.catalina.startup.VersionLoggerListener.log 명령 행 아규먼트:  -Dcatalina.home=/usr/local/apache-tomcat-10.0.27
14-Feb-2023 09:28:13.293 정보 [main] org.apache.catalina.startup.VersionLoggerListener.log 명령 행 아규먼트:  -Djava.io.tmpdir=/usr/local/apache-tomcat-10.0.27/temp
14-Feb-2023 09:28:13.300 정보 [main] org.apache.catalina.core.AprLifecycleListener.lifecycleEvent 프로덕션 환경들에서 최적의 성능을 제공하는, APR 기반 Apache Tomcat Native 라이브러리가, 다음 java.library.path에서 발견되지 않습니다: [/usr/java/packages/lib/amd64:/usr/lib/x86_64-linux-gnu/jni:/lib/x86_64-linux-gnu:/usr/lib/x86_64-linux-gnu:/usr/lib/jni:/lib:/usr/lib]
14-Feb-2023 09:28:14.319 정보 [main] org.apache.coyote.AbstractProtocol.init 프로토콜 핸들러 ["http-nio-80"]을(를) 초기화합니다.
14-Feb-2023 09:28:14.365 정보 [main] org.apache.catalina.startup.Catalina.load [1582] 밀리초 내에 서버가 초기화되었습니다.
14-Feb-2023 09:28:14.438 정보 [main] org.apache.catalina.core.StandardService.startInternal 서비스 [Catalina]을(를) 시작합니다.
14-Feb-2023 09:28:14.438 정보 [main] org.apache.catalina.core.StandardEngine.startInternal 서버 엔진을 시작합니다: [Apache Tomcat/10.0.27]
14-Feb-2023 09:28:14.454 정보 [main] org.apache.catalina.startup.HostConfig.deployDirectory 웹 애플리케이션 디렉토리 [/usr/local/apache-tomcat-10.0.27/webapps/examples]을(를) 배치합니다.
14-Feb-2023 09:28:15.752 정보 [main] org.apache.catalina.startup.HostConfig.deployDirectory 웹 애플리케이션 디렉토리 [/usr/local/apache-tomcat-10.0.27/webapps/examples]에 대한 배치가 [1,295] 밀리초에 완료되었습니다.
14-Feb-2023 09:28:15.759 정보 [main] org.apache.catalina.startup.HostConfig.deployDirectory 웹 애플리케이션 디렉토리 [/usr/local/apache-tomcat-10.0.27/webapps/docs]을(를) 배치합니다.
14-Feb-2023 09:28:15.825 정보 [main] org.apache.catalina.startup.HostConfig.deployDirectory 웹 애플리케이션 디렉토리 [/usr/local/apache-tomcat-10.0.27/webapps/docs]에 대한 배치가 [66] 밀리초에 완료되었습니다.
14-Feb-2023 09:28:15.826 정보 [main] org.apache.catalina.startup.HostConfig.deployDirectory 웹 애플리케이션 디렉토리 [/usr/local/apache-tomcat-10.0.27/webapps/manager]을(를) 배치합니다.
14-Feb-2023 09:28:15.907 정보 [main] org.apache.catalina.startup.HostConfig.deployDirectory 웹 애플리케이션 디렉토리 [/usr/local/apache-tomcat-10.0.27/webapps/manager]에 대한 배치가 [80] 밀리초에 완료되었습니다.
14-Feb-2023 09:28:15.907 정보 [main] org.apache.catalina.startup.HostConfig.deployDirectory 웹 애플리케이션 디렉토리 [/usr/local/apache-tomcat-10.0.27/webapps/ROOT]을(를) 배치합니다.
14-Feb-2023 09:28:15.957 정보 [main] org.apache.catalina.startup.HostConfig.deployDirectory 웹 애플리케이션 디렉토리 [/usr/local/apache-tomcat-10.0.27/webapps/ROOT]에 대한 배치가 [49] 밀리초에 완료되었습니다.
14-Feb-2023 09:28:15.958 정보 [main] org.apache.catalina.startup.HostConfig.deployDirectory 웹 애플리케이션 디렉토리 [/usr/local/apache-tomcat-10.0.27/webapps/host-manager]을(를) 배치합니다.
14-Feb-2023 09:28:16.015 정보 [main] org.apache.catalina.startup.HostConfig.deployDirectory 웹 애플리케이션 디렉토리 [/usr/local/apache-tomcat-10.0.27/webapps/host-manager]에 대한 배치가 [58] 밀리초에 완료되었습니다.
14-Feb-2023 09:28:16.021 정보 [main] org.apache.coyote.AbstractProtocol.start 프로토콜 핸들러 ["http-nio-80"]을(를) 시작합니다.
14-Feb-2023 09:28:16.076 정보 [main] org.apache.catalina.startup.Catalina.start 서버가 [1710] 밀리초 내에 시작되었습니다.
14-Feb-2023 15:42:05.198 정보 [main] org.apache.catalina.startup.VersionLoggerListener.log 서버 버전 이름:    Apache Tomcat/10.0.27
14-Feb-2023 15:42:05.238 정보 [main] org.apache.catalina.startup.VersionLoggerListener.log Server 빌드 시각:  Oct 3 2022 14:18:31 UTC
14-Feb-2023 15:42:05.239 정보 [main] org.apache.catalina.startup.VersionLoggerListener.log Server 버전 번호:  10.0.27.0
14-Feb-2023 15:42:05.240 정보 [main] org.apache.catalina.startup.VersionLoggerListener.log 운영체제 이름:     Linux
14-Feb-2023 15:42:05.240 정보 [main] org.apache.catalina.startup.VersionLoggerListener.log 운영체제 버전:     5.15.0-56-generic
14-Feb-2023 15:42:05.241 정보 [main] org.apache.catalina.startup.VersionLoggerListener.log 아키텍처:          amd64
14-Feb-2023 15:42:05.241 정보 [main] org.apache.catalina.startup.VersionLoggerListener.log 자바 홈:           /usr/lib/jvm/java-8-openjdk-amd64/jre
14-Feb-2023 15:42:05.241 정보 [main] org.apache.catalina.startup.VersionLoggerListener.log JVM 버전:          1.8.0_352-8u352-ga-1~20.04-b08
14-Feb-2023 15:42:05.241 정보 [main] org.apache.catalina.startup.VersionLoggerListener.log JVM 벤더:          Private Build
14-Feb-2023 15:42:05.242 정보 [main] org.apache.catalina.startup.VersionLoggerListener.log CATALINA_BASE:     /usr/local/apache-tomcat-10.0.27
14-Feb-2023 15:42:05.242 정보 [main] org.apache.catalina.startup.VersionLoggerListener.log CATALINA_HOME:     /usr/local/apache-tomcat-10.0.27
14-Feb-2023 15:42:05.257 정보 [main] org.apache.catalina.startup.VersionLoggerListener.log 명령 행 아규먼트:  -Djava.util.logging.config.file=/usr/local/apache-tomcat-10.0.27/conf/logging.properties
14-Feb-2023 15:42:05.258 정보 [main] org.apache.catalina.startup.VersionLoggerListener.log 명령 행 아규먼트:  -Djava.util.logging.manager=org.apache.juli.ClassLoaderLogManager
14-Feb-2023 15:42:05.258 정보 [main] org.apache.catalina.startup.VersionLoggerListener.log 명령 행 아규먼트:  -Djdk.tls.ephemeralDHKeySize=2048
14-Feb-2023 15:42:05.258 정보 [main] org.apache.catalina.startup.VersionLoggerListener.log 명령 행 아규먼트:  -Djava.protocol.handler.pkgs=org.apache.catalina.webresources
14-Feb-2023 15:42:05.259 정보 [main] org.apache.catalina.startup.VersionLoggerListener.log 명령 행 아규먼트:  -Dorg.apache.catalina.security.SecurityListener.UMASK=0027
14-Feb-2023 15:42:05.259 정보 [main] org.apache.catalina.startup.VersionLoggerListener.log 명령 행 아규먼트:  -Dignore.endorsed.dirs=
14-Feb-2023 15:42:05.259 정보 [main] org.apache.catalina.startup.VersionLoggerListener.log 명령 행 아규먼트:  -Dcatalina.base=/usr/local/apache-tomcat-10.0.27
14-Feb-2023 15:42:05.259 정보 [main] org.apache.catalina.startup.VersionLoggerListener.log 명령 행 아규먼트:  -Dcatalina.home=/usr/local/apache-tomcat-10.0.27
14-Feb-2023 15:42:05.260 정보 [main] org.apache.catalina.startup.VersionLoggerListener.log 명령 행 아규먼트:  -Djava.io.tmpdir=/usr/local/apache-tomcat-10.0.27/temp
14-Feb-2023 15:42:05.276 정보 [main] org.apache.catalina.core.AprLifecycleListener.lifecycleEvent 프로덕션 환경들에서 최적의 성능을 제공하는, APR 기반 Apache Tomcat Native 라이브러리가, 다음 java.library.path에서 발견되지 않습니다: [/usr/java/packages/lib/amd64:/usr/lib/x86_64-linux-gnu/jni:/lib/x86_64-linux-gnu:/usr/lib/x86_64-linux-gnu:/usr/lib/jni:/lib:/usr/lib]
14-Feb-2023 15:42:07.195 정보 [main] org.apache.coyote.AbstractProtocol.init 프로토콜 핸들러 ["http-nio-80"]을(를) 초기화합니다.
14-Feb-2023 15:42:07.338 정보 [main] org.apache.catalina.startup.Catalina.load [3227] 밀리초 내에 서버가 초기화되었습니다.
14-Feb-2023 15:42:07.434 정보 [main] org.apache.catalina.core.StandardService.startInternal 서비스 [Catalina]을(를) 시작합니다.
14-Feb-2023 15:42:07.434 정보 [main] org.apache.catalina.core.StandardEngine.startInternal 서버 엔진을 시작합니다: [Apache Tomcat/10.0.27]
14-Feb-2023 15:42:07.464 정보 [main] org.apache.catalina.startup.HostConfig.deployDirectory 웹 애플리케이션 디렉토리 [/usr/local/apache-tomcat-10.0.27/webapps/examples]을(를) 배치합니다.
14-Feb-2023 15:42:09.559 정보 [main] org.apache.catalina.startup.HostConfig.deployDirectory 웹 애플리케이션 디렉토리 [/usr/local/apache-tomcat-10.0.27/webapps/examples]에 대한 배치가 [2,087] 밀리초에 완료되었습니다.
14-Feb-2023 15:42:09.560 정보 [main] org.apache.catalina.startup.HostConfig.deployDirectory 웹 애플리케이션 디렉토리 [/usr/local/apache-tomcat-10.0.27/webapps/docs]을(를) 배치합니다.
14-Feb-2023 15:42:09.670 정보 [main] org.apache.catalina.startup.HostConfig.deployDirectory 웹 애플리케이션 디렉토리 [/usr/local/apache-tomcat-10.0.27/webapps/docs]에 대한 배치가 [109] 밀리초에 완료되었습니다.
14-Feb-2023 15:42:09.670 정보 [main] org.apache.catalina.startup.HostConfig.deployDirectory 웹 애플리케이션 디렉토리 [/usr/local/apache-tomcat-10.0.27/webapps/manager]을(를) 배치합니다.
14-Feb-2023 15:42:09.798 정보 [main] org.apache.catalina.startup.HostConfig.deployDirectory 웹 애플리케이션 디렉토리 [/usr/local/apache-tomcat-10.0.27/webapps/manager]에 대한 배치가 [128] 밀리초에 완료되었습니다.
14-Feb-2023 15:42:09.806 정보 [main] org.apache.catalina.startup.HostConfig.deployDirectory 웹 애플리케이션 디렉토리 [/usr/local/apache-tomcat-10.0.27/webapps/ROOT]을(를) 배치합니다.
14-Feb-2023 15:42:09.875 정보 [main] org.apache.catalina.startup.HostConfig.deployDirectory 웹 애플리케이션 디렉토리 [/usr/local/apache-tomcat-10.0.27/webapps/ROOT]에 대한 배치가 [66] 밀리초에 완료되었습니다.
14-Feb-2023 15:42:09.875 정보 [main] org.apache.catalina.startup.HostConfig.deployDirectory 웹 애플리케이션 디렉토리 [/usr/local/apache-tomcat-10.0.27/webapps/host-manager]을(를) 배치합니다.
14-Feb-2023 15:42:09.954 정보 [main] org.apache.catalina.startup.HostConfig.deployDirectory 웹 애플리케이션 디렉토리 [/usr/local/apache-tomcat-10.0.27/webapps/host-manager]에 대한 배치가 [79] 밀리초에 완료되었습니다.
14-Feb-2023 15:42:09.980 정보 [main] org.apache.coyote.AbstractProtocol.start 프로토콜 핸들러 ["http-nio-80"]을(를) 시작합니다.
14-Feb-2023 15:42:10.076 정보 [main] org.apache.catalina.startup.Catalina.start 서버가 [2737] 밀리초 내에 시작되었습니다.
