15-Feb-2023 16:07:20.576 정보 [main] org.apache.catalina.startup.VersionLoggerListener.log 서버 버전 이름:    Apache Tomcat/10.0.27
15-Feb-2023 16:07:20.587 정보 [main] org.apache.catalina.startup.VersionLoggerListener.log Server 빌드 시각:  Oct 3 2022 14:18:31 UTC
15-Feb-2023 16:07:20.592 정보 [main] org.apache.catalina.startup.VersionLoggerListener.log Server 버전 번호:  10.0.27.0
15-Feb-2023 16:07:20.592 정보 [main] org.apache.catalina.startup.VersionLoggerListener.log 운영체제 이름:     Linux
15-Feb-2023 16:07:20.592 정보 [main] org.apache.catalina.startup.VersionLoggerListener.log 운영체제 버전:     5.15.0-56-generic
15-Feb-2023 16:07:20.593 정보 [main] org.apache.catalina.startup.VersionLoggerListener.log 아키텍처:          amd64
15-Feb-2023 16:07:20.594 정보 [main] org.apache.catalina.startup.VersionLoggerListener.log 자바 홈:           /usr/lib/jvm/java-8-openjdk-amd64/jre
15-Feb-2023 16:07:20.594 정보 [main] org.apache.catalina.startup.VersionLoggerListener.log JVM 버전:          1.8.0_352-8u352-ga-1~20.04-b08
15-Feb-2023 16:07:20.594 정보 [main] org.apache.catalina.startup.VersionLoggerListener.log JVM 벤더:          Private Build
15-Feb-2023 16:07:20.594 정보 [main] org.apache.catalina.startup.VersionLoggerListener.log CATALINA_BASE:     /usr/local/apache-tomcat-10.0.27
15-Feb-2023 16:07:20.595 정보 [main] org.apache.catalina.startup.VersionLoggerListener.log CATALINA_HOME:     /usr/local/apache-tomcat-10.0.27
15-Feb-2023 16:07:20.603 정보 [main] org.apache.catalina.startup.VersionLoggerListener.log 명령 행 아규먼트:  -Djava.util.logging.config.file=/usr/local/apache-tomcat-10.0.27/conf/logging.properties
15-Feb-2023 16:07:20.603 정보 [main] org.apache.catalina.startup.VersionLoggerListener.log 명령 행 아규먼트:  -Djava.util.logging.manager=org.apache.juli.ClassLoaderLogManager
15-Feb-2023 16:07:20.603 정보 [main] org.apache.catalina.startup.VersionLoggerListener.log 명령 행 아규먼트:  -Djdk.tls.ephemeralDHKeySize=2048
15-Feb-2023 16:07:20.604 정보 [main] org.apache.catalina.startup.VersionLoggerListener.log 명령 행 아규먼트:  -Djava.protocol.handler.pkgs=org.apache.catalina.webresources
15-Feb-2023 16:07:20.604 정보 [main] org.apache.catalina.startup.VersionLoggerListener.log 명령 행 아규먼트:  -Dorg.apache.catalina.security.SecurityListener.UMASK=0027
15-Feb-2023 16:07:20.604 정보 [main] org.apache.catalina.startup.VersionLoggerListener.log 명령 행 아규먼트:  -Dignore.endorsed.dirs=
15-Feb-2023 16:07:20.604 정보 [main] org.apache.catalina.startup.VersionLoggerListener.log 명령 행 아규먼트:  -Dcatalina.base=/usr/local/apache-tomcat-10.0.27
15-Feb-2023 16:07:20.604 정보 [main] org.apache.catalina.startup.VersionLoggerListener.log 명령 행 아규먼트:  -Dcatalina.home=/usr/local/apache-tomcat-10.0.27
15-Feb-2023 16:07:20.605 정보 [main] org.apache.catalina.startup.VersionLoggerListener.log 명령 행 아규먼트:  -Djava.io.tmpdir=/usr/local/apache-tomcat-10.0.27/temp
15-Feb-2023 16:07:20.621 정보 [main] org.apache.catalina.core.AprLifecycleListener.lifecycleEvent 프로덕션 환경들에서 최적의 성능을 제공하는, APR 기반 Apache Tomcat Native 라이브러리가, 다음 java.library.path에서 발견되지 않습니다: [/usr/java/packages/lib/amd64:/usr/lib/x86_64-linux-gnu/jni:/lib/x86_64-linux-gnu:/usr/lib/x86_64-linux-gnu:/usr/lib/jni:/lib:/usr/lib]
15-Feb-2023 16:07:22.069 정보 [main] org.apache.coyote.AbstractProtocol.init 프로토콜 핸들러 ["http-nio-80"]을(를) 초기화합니다.
15-Feb-2023 16:07:22.159 정보 [main] org.apache.catalina.startup.Catalina.load [2130] 밀리초 내에 서버가 초기화되었습니다.
15-Feb-2023 16:07:22.272 정보 [main] org.apache.catalina.core.StandardService.startInternal 서비스 [Catalina]을(를) 시작합니다.
15-Feb-2023 16:07:22.272 정보 [main] org.apache.catalina.core.StandardEngine.startInternal 서버 엔진을 시작합니다: [Apache Tomcat/10.0.27]
15-Feb-2023 16:07:22.347 정보 [main] org.apache.catalina.startup.HostConfig.deployDirectory 웹 애플리케이션 디렉토리 [/usr/local/apache-tomcat-10.0.27/webapps/examples]을(를) 배치합니다.
15-Feb-2023 16:07:24.526 정보 [main] org.apache.catalina.startup.HostConfig.deployDirectory 웹 애플리케이션 디렉토리 [/usr/local/apache-tomcat-10.0.27/webapps/examples]에 대한 배치가 [2,168] 밀리초에 완료되었습니다.
15-Feb-2023 16:07:24.527 정보 [main] org.apache.catalina.startup.HostConfig.deployDirectory 웹 애플리케이션 디렉토리 [/usr/local/apache-tomcat-10.0.27/webapps/docs]을(를) 배치합니다.
15-Feb-2023 16:07:24.607 정보 [main] org.apache.catalina.startup.HostConfig.deployDirectory 웹 애플리케이션 디렉토리 [/usr/local/apache-tomcat-10.0.27/webapps/docs]에 대한 배치가 [80] 밀리초에 완료되었습니다.
15-Feb-2023 16:07:24.609 정보 [main] org.apache.catalina.startup.HostConfig.deployDirectory 웹 애플리케이션 디렉토리 [/usr/local/apache-tomcat-10.0.27/webapps/manager]을(를) 배치합니다.
15-Feb-2023 16:07:24.740 정보 [main] org.apache.catalina.startup.HostConfig.deployDirectory 웹 애플리케이션 디렉토리 [/usr/local/apache-tomcat-10.0.27/webapps/manager]에 대한 배치가 [131] 밀리초에 완료되었습니다.
15-Feb-2023 16:07:24.741 정보 [main] org.apache.catalina.startup.HostConfig.deployDirectory 웹 애플리케이션 디렉토리 [/usr/local/apache-tomcat-10.0.27/webapps/ROOT]을(를) 배치합니다.
15-Feb-2023 16:07:24.820 정보 [main] org.apache.catalina.startup.HostConfig.deployDirectory 웹 애플리케이션 디렉토리 [/usr/local/apache-tomcat-10.0.27/webapps/ROOT]에 대한 배치가 [78] 밀리초에 완료되었습니다.
15-Feb-2023 16:07:24.820 정보 [main] org.apache.catalina.startup.HostConfig.deployDirectory 웹 애플리케이션 디렉토리 [/usr/local/apache-tomcat-10.0.27/webapps/host-manager]을(를) 배치합니다.
15-Feb-2023 16:07:24.896 정보 [main] org.apache.catalina.startup.HostConfig.deployDirectory 웹 애플리케이션 디렉토리 [/usr/local/apache-tomcat-10.0.27/webapps/host-manager]에 대한 배치가 [76] 밀리초에 완료되었습니다.
15-Feb-2023 16:07:24.908 정보 [main] org.apache.coyote.AbstractProtocol.start 프로토콜 핸들러 ["http-nio-80"]을(를) 시작합니다.
15-Feb-2023 16:07:25.015 정보 [main] org.apache.catalina.startup.Catalina.start 서버가 [2855] 밀리초 내에 시작되었습니다.
15-Feb-2023 16:42:26.770 정보 [Catalina-utility-1] org.apache.catalina.users.MemoryUserDatabase.backgroundProcess 변경된 소스 [file:/usr/local/apache-tomcat-10.0.27/conf/tomcat-users.xml](으)로부터 메모리 사용자 데이터베이스 [UserDatabase]을(를) 다시 로드합니다.
15-Feb-2023 16:42:26.773 심각 [Catalina-utility-1] org.apache.catalina.users.MemoryUserDatabase.open 지정된 사용자 데이터베이스 [conf/tomcat-users.xml]을(를) 찾을 수 없었습니다.
15-Feb-2023 16:42:27.274 정보 [Catalina-utility-1] org.apache.catalina.startup.HostConfig.undeploy 컨텍스트 []의 배치를 제거합니다.
15-Feb-2023 16:42:27.302 경고 [Catalina-utility-1] org.apache.catalina.loader.WebappClassLoaderBase.clearReferencesJdbc 웹 애플리케이션 [ROOT]을(를) 위한 JDBC 드라이버의 등록을 제거하지 못했습니다.
	java.lang.NullPointerException
		at org.apache.catalina.loader.WebappClassLoaderBase.clearReferencesJdbc(WebappClassLoaderBase.java:1765)
		at org.apache.catalina.loader.WebappClassLoaderBase.clearReferences(WebappClassLoaderBase.java:1703)
		at org.apache.catalina.loader.WebappClassLoaderBase.stop(WebappClassLoaderBase.java:1639)
		at org.apache.catalina.loader.WebappLoader.stopInternal(WebappLoader.java:429)
		at org.apache.catalina.util.LifecycleBase.stop(LifecycleBase.java:257)
		at org.apache.catalina.core.StandardContext.stopInternal(StandardContext.java:5465)
		at org.apache.catalina.util.LifecycleBase.stop(LifecycleBase.java:257)
		at org.apache.catalina.core.ContainerBase.removeChild(ContainerBase.java:814)
		at org.apache.catalina.startup.HostConfig.undeploy(HostConfig.java:1556)
		at org.apache.catalina.startup.HostConfig.checkResources(HostConfig.java:1481)
		at org.apache.catalina.startup.HostConfig.check(HostConfig.java:1744)
		at org.apache.catalina.startup.HostConfig.lifecycleEvent(HostConfig.java:316)
		at org.apache.catalina.util.LifecycleBase.fireLifecycleEvent(LifecycleBase.java:123)
		at org.apache.catalina.core.ContainerBase.backgroundProcess(ContainerBase.java:1162)
		at org.apache.catalina.core.ContainerBase$ContainerBackgroundProcessor.processChildren(ContainerBase.java:1365)
		at org.apache.catalina.core.ContainerBase$ContainerBackgroundProcessor.processChildren(ContainerBase.java:1369)
		at org.apache.catalina.core.ContainerBase$ContainerBackgroundProcessor.run(ContainerBase.java:1347)
		at java.util.concurrent.Executors$RunnableAdapter.call(Executors.java:511)
		at java.util.concurrent.FutureTask.runAndReset(FutureTask.java:308)
		at java.util.concurrent.ScheduledThreadPoolExecutor$ScheduledFutureTask.access$301(ScheduledThreadPoolExecutor.java:180)
		at java.util.concurrent.ScheduledThreadPoolExecutor$ScheduledFutureTask.run(ScheduledThreadPoolExecutor.java:294)
		at java.util.concurrent.ThreadPoolExecutor.runWorker(ThreadPoolExecutor.java:1149)
		at java.util.concurrent.ThreadPoolExecutor$Worker.run(ThreadPoolExecutor.java:624)
		at org.apache.tomcat.util.threads.TaskThread$WrappingRunnable.run(TaskThread.java:61)
		at java.lang.Thread.run(Thread.java:750)
15-Feb-2023 16:42:27.828 정보 [Catalina-utility-1] org.apache.catalina.startup.HostConfig.undeploy 컨텍스트 [/examples]의 배치를 제거합니다.
15-Feb-2023 16:42:27.861 경고 [Catalina-utility-1] org.apache.catalina.loader.WebappClassLoaderBase.clearReferencesJdbc 웹 애플리케이션 [examples]을(를) 위한 JDBC 드라이버의 등록을 제거하지 못했습니다.
	java.lang.IllegalStateException: java.io.FileNotFoundException: /usr/local/apache-tomcat-10.0.27/webapps/examples/WEB-INF/lib/taglibs-standard-spec-1.2.5-migrated-0.0.1.jar (그런 파일이나 디렉터리가 없습니다)
		at org.apache.catalina.webresources.AbstractSingleArchiveResourceSet.getArchiveEntry(AbstractSingleArchiveResourceSet.java:101)
		at org.apache.catalina.webresources.AbstractArchiveResourceSet.getResource(AbstractArchiveResourceSet.java:263)
		at org.apache.catalina.webresources.StandardRoot.getResourceInternal(StandardRoot.java:281)
		at org.apache.catalina.webresources.Cache.getResource(Cache.java:64)
		at org.apache.catalina.webresources.StandardRoot.getResource(StandardRoot.java:216)
		at org.apache.catalina.webresources.StandardRoot.getClassLoaderResource(StandardRoot.java:225)
		at org.apache.catalina.loader.WebappClassLoaderBase.getResourceAsStream(WebappClassLoaderBase.java:1167)
		at org.apache.catalina.loader.WebappClassLoaderBase.clearReferencesJdbc(WebappClassLoaderBase.java:1763)
		at org.apache.catalina.loader.WebappClassLoaderBase.clearReferences(WebappClassLoaderBase.java:1703)
		at org.apache.catalina.loader.WebappClassLoaderBase.stop(WebappClassLoaderBase.java:1639)
		at org.apache.catalina.loader.WebappLoader.stopInternal(WebappLoader.java:429)
		at org.apache.catalina.util.LifecycleBase.stop(LifecycleBase.java:257)
		at org.apache.catalina.core.StandardContext.stopInternal(StandardContext.java:5465)
		at org.apache.catalina.util.LifecycleBase.stop(LifecycleBase.java:257)
		at org.apache.catalina.core.ContainerBase.removeChild(ContainerBase.java:814)
		at org.apache.catalina.startup.HostConfig.undeploy(HostConfig.java:1556)
		at org.apache.catalina.startup.HostConfig.checkResources(HostConfig.java:1481)
		at org.apache.catalina.startup.HostConfig.check(HostConfig.java:1744)
		at org.apache.catalina.startup.HostConfig.lifecycleEvent(HostConfig.java:316)
		at org.apache.catalina.util.LifecycleBase.fireLifecycleEvent(LifecycleBase.java:123)
		at org.apache.catalina.core.ContainerBase.backgroundProcess(ContainerBase.java:1162)
		at org.apache.catalina.core.ContainerBase$ContainerBackgroundProcessor.processChildren(ContainerBase.java:1365)
		at org.apache.catalina.core.ContainerBase$ContainerBackgroundProcessor.processChildren(ContainerBase.java:1369)
		at org.apache.catalina.core.ContainerBase$ContainerBackgroundProcessor.run(ContainerBase.java:1347)
		at java.util.concurrent.Executors$RunnableAdapter.call(Executors.java:511)
		at java.util.concurrent.FutureTask.runAndReset(FutureTask.java:308)
		at java.util.concurrent.ScheduledThreadPoolExecutor$ScheduledFutureTask.access$301(ScheduledThreadPoolExecutor.java:180)
		at java.util.concurrent.ScheduledThreadPoolExecutor$ScheduledFutureTask.run(ScheduledThreadPoolExecutor.java:294)
		at java.util.concurrent.ThreadPoolExecutor.runWorker(ThreadPoolExecutor.java:1149)
		at java.util.concurrent.ThreadPoolExecutor$Worker.run(ThreadPoolExecutor.java:624)
		at org.apache.tomcat.util.threads.TaskThread$WrappingRunnable.run(TaskThread.java:61)
		at java.lang.Thread.run(Thread.java:750)
	Caused by: java.io.FileNotFoundException: /usr/local/apache-tomcat-10.0.27/webapps/examples/WEB-INF/lib/taglibs-standard-spec-1.2.5-migrated-0.0.1.jar (그런 파일이나 디렉터리가 없습니다)
		at java.util.zip.ZipFile.open(Native Method)
		at java.util.zip.ZipFile.<init>(ZipFile.java:228)
		at java.util.zip.ZipFile.<init>(ZipFile.java:157)
		at java.util.jar.JarFile.<init>(JarFile.java:171)
		at java.util.jar.JarFile.<init>(JarFile.java:135)
		at org.apache.tomcat.util.compat.JreCompat.jarFileNewInstance(JreCompat.java:255)
		at org.apache.tomcat.util.compat.JreCompat.jarFileNewInstance(JreCompat.java:240)
		at org.apache.catalina.webresources.AbstractArchiveResourceSet.openJarFile(AbstractArchiveResourceSet.java:314)
		at org.apache.catalina.webresources.AbstractSingleArchiveResourceSet.getArchiveEntry(AbstractSingleArchiveResourceSet.java:97)
		... 31 more
15-Feb-2023 16:42:28.373 정보 [Catalina-utility-1] org.apache.catalina.startup.HostConfig.undeploy 컨텍스트 [/host-manager]의 배치를 제거합니다.
15-Feb-2023 16:42:28.380 경고 [Catalina-utility-1] org.apache.catalina.loader.WebappClassLoaderBase.clearReferencesJdbc 웹 애플리케이션 [host-manager]을(를) 위한 JDBC 드라이버의 등록을 제거하지 못했습니다.
	java.lang.NullPointerException
		at org.apache.catalina.loader.WebappClassLoaderBase.clearReferencesJdbc(WebappClassLoaderBase.java:1765)
		at org.apache.catalina.loader.WebappClassLoaderBase.clearReferences(WebappClassLoaderBase.java:1703)
		at org.apache.catalina.loader.WebappClassLoaderBase.stop(WebappClassLoaderBase.java:1639)
		at org.apache.catalina.loader.WebappLoader.stopInternal(WebappLoader.java:429)
		at org.apache.catalina.util.LifecycleBase.stop(LifecycleBase.java:257)
		at org.apache.catalina.core.StandardContext.stopInternal(StandardContext.java:5465)
		at org.apache.catalina.util.LifecycleBase.stop(LifecycleBase.java:257)
		at org.apache.catalina.core.ContainerBase.removeChild(ContainerBase.java:814)
		at org.apache.catalina.startup.HostConfig.undeploy(HostConfig.java:1556)
		at org.apache.catalina.startup.HostConfig.checkResources(HostConfig.java:1481)
		at org.apache.catalina.startup.HostConfig.check(HostConfig.java:1744)
		at org.apache.catalina.startup.HostConfig.lifecycleEvent(HostConfig.java:316)
		at org.apache.catalina.util.LifecycleBase.fireLifecycleEvent(LifecycleBase.java:123)
		at org.apache.catalina.core.ContainerBase.backgroundProcess(ContainerBase.java:1162)
		at org.apache.catalina.core.ContainerBase$ContainerBackgroundProcessor.processChildren(ContainerBase.java:1365)
		at org.apache.catalina.core.ContainerBase$ContainerBackgroundProcessor.processChildren(ContainerBase.java:1369)
		at org.apache.catalina.core.ContainerBase$ContainerBackgroundProcessor.run(ContainerBase.java:1347)
		at java.util.concurrent.Executors$RunnableAdapter.call(Executors.java:511)
		at java.util.concurrent.FutureTask.runAndReset(FutureTask.java:308)
		at java.util.concurrent.ScheduledThreadPoolExecutor$ScheduledFutureTask.access$301(ScheduledThreadPoolExecutor.java:180)
		at java.util.concurrent.ScheduledThreadPoolExecutor$ScheduledFutureTask.run(ScheduledThreadPoolExecutor.java:294)
		at java.util.concurrent.ThreadPoolExecutor.runWorker(ThreadPoolExecutor.java:1149)
		at java.util.concurrent.ThreadPoolExecutor$Worker.run(ThreadPoolExecutor.java:624)
		at org.apache.tomcat.util.threads.TaskThread$WrappingRunnable.run(TaskThread.java:61)
		at java.lang.Thread.run(Thread.java:750)
15-Feb-2023 16:42:28.900 정보 [Catalina-utility-1] org.apache.catalina.startup.HostConfig.undeploy 컨텍스트 [/manager]의 배치를 제거합니다.
15-Feb-2023 16:42:28.907 경고 [Catalina-utility-1] org.apache.catalina.loader.WebappClassLoaderBase.clearReferencesJdbc 웹 애플리케이션 [manager]을(를) 위한 JDBC 드라이버의 등록을 제거하지 못했습니다.
	java.lang.NullPointerException
		at org.apache.catalina.loader.WebappClassLoaderBase.clearReferencesJdbc(WebappClassLoaderBase.java:1765)
		at org.apache.catalina.loader.WebappClassLoaderBase.clearReferences(WebappClassLoaderBase.java:1703)
		at org.apache.catalina.loader.WebappClassLoaderBase.stop(WebappClassLoaderBase.java:1639)
		at org.apache.catalina.loader.WebappLoader.stopInternal(WebappLoader.java:429)
		at org.apache.catalina.util.LifecycleBase.stop(LifecycleBase.java:257)
		at org.apache.catalina.core.StandardContext.stopInternal(StandardContext.java:5465)
		at org.apache.catalina.util.LifecycleBase.stop(LifecycleBase.java:257)
		at org.apache.catalina.core.ContainerBase.removeChild(ContainerBase.java:814)
		at org.apache.catalina.startup.HostConfig.undeploy(HostConfig.java:1556)
		at org.apache.catalina.startup.HostConfig.checkResources(HostConfig.java:1481)
		at org.apache.catalina.startup.HostConfig.check(HostConfig.java:1744)
		at org.apache.catalina.startup.HostConfig.lifecycleEvent(HostConfig.java:316)
		at org.apache.catalina.util.LifecycleBase.fireLifecycleEvent(LifecycleBase.java:123)
		at org.apache.catalina.core.ContainerBase.backgroundProcess(ContainerBase.java:1162)
		at org.apache.catalina.core.ContainerBase$ContainerBackgroundProcessor.processChildren(ContainerBase.java:1365)
		at org.apache.catalina.core.ContainerBase$ContainerBackgroundProcessor.processChildren(ContainerBase.java:1369)
		at org.apache.catalina.core.ContainerBase$ContainerBackgroundProcessor.run(ContainerBase.java:1347)
		at java.util.concurrent.Executors$RunnableAdapter.call(Executors.java:511)
		at java.util.concurrent.FutureTask.runAndReset(FutureTask.java:308)
		at java.util.concurrent.ScheduledThreadPoolExecutor$ScheduledFutureTask.access$301(ScheduledThreadPoolExecutor.java:180)
		at java.util.concurrent.ScheduledThreadPoolExecutor$ScheduledFutureTask.run(ScheduledThreadPoolExecutor.java:294)
		at java.util.concurrent.ThreadPoolExecutor.runWorker(ThreadPoolExecutor.java:1149)
		at java.util.concurrent.ThreadPoolExecutor$Worker.run(ThreadPoolExecutor.java:624)
		at org.apache.tomcat.util.threads.TaskThread$WrappingRunnable.run(TaskThread.java:61)
		at java.lang.Thread.run(Thread.java:750)
15-Feb-2023 16:42:29.413 정보 [Catalina-utility-1] org.apache.catalina.startup.HostConfig.undeploy 컨텍스트 [/docs]의 배치를 제거합니다.
15-Feb-2023 16:42:29.418 경고 [Catalina-utility-1] org.apache.catalina.loader.WebappClassLoaderBase.clearReferencesJdbc 웹 애플리케이션 [docs]을(를) 위한 JDBC 드라이버의 등록을 제거하지 못했습니다.
	java.lang.NullPointerException
		at org.apache.catalina.loader.WebappClassLoaderBase.clearReferencesJdbc(WebappClassLoaderBase.java:1765)
		at org.apache.catalina.loader.WebappClassLoaderBase.clearReferences(WebappClassLoaderBase.java:1703)
		at org.apache.catalina.loader.WebappClassLoaderBase.stop(WebappClassLoaderBase.java:1639)
		at org.apache.catalina.loader.WebappLoader.stopInternal(WebappLoader.java:429)
		at org.apache.catalina.util.LifecycleBase.stop(LifecycleBase.java:257)
		at org.apache.catalina.core.StandardContext.stopInternal(StandardContext.java:5465)
		at org.apache.catalina.util.LifecycleBase.stop(LifecycleBase.java:257)
		at org.apache.catalina.core.ContainerBase.removeChild(ContainerBase.java:814)
		at org.apache.catalina.startup.HostConfig.undeploy(HostConfig.java:1556)
		at org.apache.catalina.startup.HostConfig.checkResources(HostConfig.java:1481)
		at org.apache.catalina.startup.HostConfig.check(HostConfig.java:1744)
		at org.apache.catalina.startup.HostConfig.lifecycleEvent(HostConfig.java:316)
		at org.apache.catalina.util.LifecycleBase.fireLifecycleEvent(LifecycleBase.java:123)
		at org.apache.catalina.core.ContainerBase.backgroundProcess(ContainerBase.java:1162)
		at org.apache.catalina.core.ContainerBase$ContainerBackgroundProcessor.processChildren(ContainerBase.java:1365)
		at org.apache.catalina.core.ContainerBase$ContainerBackgroundProcessor.processChildren(ContainerBase.java:1369)
		at org.apache.catalina.core.ContainerBase$ContainerBackgroundProcessor.run(ContainerBase.java:1347)
		at java.util.concurrent.Executors$RunnableAdapter.call(Executors.java:511)
		at java.util.concurrent.FutureTask.runAndReset(FutureTask.java:308)
		at java.util.concurrent.ScheduledThreadPoolExecutor$ScheduledFutureTask.access$301(ScheduledThreadPoolExecutor.java:180)
		at java.util.concurrent.ScheduledThreadPoolExecutor$ScheduledFutureTask.run(ScheduledThreadPoolExecutor.java:294)
		at java.util.concurrent.ThreadPoolExecutor.runWorker(ThreadPoolExecutor.java:1149)
		at java.util.concurrent.ThreadPoolExecutor$Worker.run(ThreadPoolExecutor.java:624)
		at org.apache.tomcat.util.threads.TaskThread$WrappingRunnable.run(TaskThread.java:61)
		at java.lang.Thread.run(Thread.java:750)
15-Feb-2023 16:45:39.379 정보 [main] org.apache.catalina.startup.VersionLoggerListener.log 서버 버전 이름:    Apache Tomcat/10.0.27
15-Feb-2023 16:45:39.385 정보 [main] org.apache.catalina.startup.VersionLoggerListener.log Server 빌드 시각:  Oct 3 2022 14:18:31 UTC
15-Feb-2023 16:45:39.386 정보 [main] org.apache.catalina.startup.VersionLoggerListener.log Server 버전 번호:  10.0.27.0
15-Feb-2023 16:45:39.386 정보 [main] org.apache.catalina.startup.VersionLoggerListener.log 운영체제 이름:     Linux
15-Feb-2023 16:45:39.386 정보 [main] org.apache.catalina.startup.VersionLoggerListener.log 운영체제 버전:     5.15.0-56-generic
15-Feb-2023 16:45:39.386 정보 [main] org.apache.catalina.startup.VersionLoggerListener.log 아키텍처:          amd64
15-Feb-2023 16:45:39.387 정보 [main] org.apache.catalina.startup.VersionLoggerListener.log 자바 홈:           /usr/lib/jvm/java-8-openjdk-amd64/jre
15-Feb-2023 16:45:39.387 정보 [main] org.apache.catalina.startup.VersionLoggerListener.log JVM 버전:          1.8.0_352-8u352-ga-1~20.04-b08
15-Feb-2023 16:45:39.387 정보 [main] org.apache.catalina.startup.VersionLoggerListener.log JVM 벤더:          Private Build
15-Feb-2023 16:45:39.387 정보 [main] org.apache.catalina.startup.VersionLoggerListener.log CATALINA_BASE:     /UABS/UABS/GUI_JS/apache-tomcat-10.0.27
15-Feb-2023 16:45:39.387 정보 [main] org.apache.catalina.startup.VersionLoggerListener.log CATALINA_HOME:     /UABS/UABS/GUI_JS/apache-tomcat-10.0.27
15-Feb-2023 16:45:39.394 정보 [main] org.apache.catalina.startup.VersionLoggerListener.log 명령 행 아규먼트:  -Djava.util.logging.config.file=/UABS/UABS/GUI_JS/apache-tomcat-10.0.27/conf/logging.properties
15-Feb-2023 16:45:39.394 정보 [main] org.apache.catalina.startup.VersionLoggerListener.log 명령 행 아규먼트:  -Djava.util.logging.manager=org.apache.juli.ClassLoaderLogManager
15-Feb-2023 16:45:39.394 정보 [main] org.apache.catalina.startup.VersionLoggerListener.log 명령 행 아규먼트:  -Djdk.tls.ephemeralDHKeySize=2048
15-Feb-2023 16:45:39.394 정보 [main] org.apache.catalina.startup.VersionLoggerListener.log 명령 행 아규먼트:  -Djava.protocol.handler.pkgs=org.apache.catalina.webresources
15-Feb-2023 16:45:39.395 정보 [main] org.apache.catalina.startup.VersionLoggerListener.log 명령 행 아규먼트:  -Dorg.apache.catalina.security.SecurityListener.UMASK=0027
15-Feb-2023 16:45:39.395 정보 [main] org.apache.catalina.startup.VersionLoggerListener.log 명령 행 아규먼트:  -Dignore.endorsed.dirs=
15-Feb-2023 16:45:39.395 정보 [main] org.apache.catalina.startup.VersionLoggerListener.log 명령 행 아규먼트:  -Dcatalina.base=/UABS/UABS/GUI_JS/apache-tomcat-10.0.27
15-Feb-2023 16:45:39.395 정보 [main] org.apache.catalina.startup.VersionLoggerListener.log 명령 행 아규먼트:  -Dcatalina.home=/UABS/UABS/GUI_JS/apache-tomcat-10.0.27
15-Feb-2023 16:45:39.395 정보 [main] org.apache.catalina.startup.VersionLoggerListener.log 명령 행 아규먼트:  -Djava.io.tmpdir=/UABS/UABS/GUI_JS/apache-tomcat-10.0.27/temp
15-Feb-2023 16:45:39.404 정보 [main] org.apache.catalina.core.AprLifecycleListener.lifecycleEvent 프로덕션 환경들에서 최적의 성능을 제공하는, APR 기반 Apache Tomcat Native 라이브러리가, 다음 java.library.path에서 발견되지 않습니다: [/usr/java/packages/lib/amd64:/usr/lib/x86_64-linux-gnu/jni:/lib/x86_64-linux-gnu:/usr/lib/x86_64-linux-gnu:/usr/lib/jni:/lib:/usr/lib]
15-Feb-2023 16:45:40.328 정보 [main] org.apache.coyote.AbstractProtocol.init 프로토콜 핸들러 ["http-nio-80"]을(를) 초기화합니다.
15-Feb-2023 16:45:40.349 심각 [main] org.apache.catalina.util.LifecycleBase.handleSubClassException 구성요소 [Connector[HTTP/1.1-80]]을(를) 초기화하지 못했습니다.
	org.apache.catalina.LifecycleException: 프로토콜 핸들러 초기화가 실패했습니다.
		at org.apache.catalina.connector.Connector.initInternal(Connector.java:1055)
		at org.apache.catalina.util.LifecycleBase.init(LifecycleBase.java:136)
		at org.apache.catalina.core.StandardService.initInternal(StandardService.java:556)
		at org.apache.catalina.util.LifecycleBase.init(LifecycleBase.java:136)
		at org.apache.catalina.core.StandardServer.initInternal(StandardServer.java:1045)
		at org.apache.catalina.util.LifecycleBase.init(LifecycleBase.java:136)
		at org.apache.catalina.startup.Catalina.load(Catalina.java:747)
		at org.apache.catalina.startup.Catalina.load(Catalina.java:769)
		at sun.reflect.NativeMethodAccessorImpl.invoke0(Native Method)
		at sun.reflect.NativeMethodAccessorImpl.invoke(NativeMethodAccessorImpl.java:62)
		at sun.reflect.DelegatingMethodAccessorImpl.invoke(DelegatingMethodAccessorImpl.java:43)
		at java.lang.reflect.Method.invoke(Method.java:498)
		at org.apache.catalina.startup.Bootstrap.load(Bootstrap.java:305)
		at org.apache.catalina.startup.Bootstrap.main(Bootstrap.java:475)
	Caused by: java.net.BindException: 주소가 이미 사용 중입니다
		at sun.nio.ch.Net.bind0(Native Method)
		at sun.nio.ch.Net.bind(Net.java:461)
		at sun.nio.ch.Net.bind(Net.java:453)
		at sun.nio.ch.ServerSocketChannelImpl.bind(ServerSocketChannelImpl.java:222)
		at org.apache.tomcat.util.net.NioEndpoint.initServerSocket(NioEndpoint.java:246)
		at org.apache.tomcat.util.net.NioEndpoint.bind(NioEndpoint.java:201)
		at org.apache.tomcat.util.net.AbstractEndpoint.bindWithCleanup(AbstractEndpoint.java:1192)
		at org.apache.tomcat.util.net.AbstractEndpoint.init(AbstractEndpoint.java:1205)
		at org.apache.coyote.AbstractProtocol.init(AbstractProtocol.java:583)
		at org.apache.coyote.http11.AbstractHttp11Protocol.init(AbstractHttp11Protocol.java:79)
		at org.apache.catalina.connector.Connector.initInternal(Connector.java:1052)
		... 13 more
15-Feb-2023 16:45:40.352 정보 [main] org.apache.catalina.startup.Catalina.load [1396] 밀리초 내에 서버가 초기화되었습니다.
15-Feb-2023 16:45:40.429 정보 [main] org.apache.catalina.core.StandardService.startInternal 서비스 [Catalina]을(를) 시작합니다.
15-Feb-2023 16:45:40.430 정보 [main] org.apache.catalina.core.StandardEngine.startInternal 서버 엔진을 시작합니다: [Apache Tomcat/10.0.27]
15-Feb-2023 16:45:40.448 정보 [main] org.apache.catalina.startup.HostConfig.deployDirectory 웹 애플리케이션 디렉토리 [/UABS/UABS/GUI_JS/apache-tomcat-10.0.27/webapps/examples]을(를) 배치합니다.
15-Feb-2023 16:45:42.416 정보 [main] org.apache.catalina.startup.HostConfig.deployDirectory 웹 애플리케이션 디렉토리 [/UABS/UABS/GUI_JS/apache-tomcat-10.0.27/webapps/examples]에 대한 배치가 [1,966] 밀리초에 완료되었습니다.
15-Feb-2023 16:45:42.417 정보 [main] org.apache.catalina.startup.HostConfig.deployDirectory 웹 애플리케이션 디렉토리 [/UABS/UABS/GUI_JS/apache-tomcat-10.0.27/webapps/docs]을(를) 배치합니다.
15-Feb-2023 16:45:42.522 정보 [main] org.apache.catalina.startup.HostConfig.deployDirectory 웹 애플리케이션 디렉토리 [/UABS/UABS/GUI_JS/apache-tomcat-10.0.27/webapps/docs]에 대한 배치가 [105] 밀리초에 완료되었습니다.
15-Feb-2023 16:45:42.523 정보 [main] org.apache.catalina.startup.HostConfig.deployDirectory 웹 애플리케이션 디렉토리 [/UABS/UABS/GUI_JS/apache-tomcat-10.0.27/webapps/manager]을(를) 배치합니다.
15-Feb-2023 16:45:42.653 정보 [main] org.apache.catalina.startup.HostConfig.deployDirectory 웹 애플리케이션 디렉토리 [/UABS/UABS/GUI_JS/apache-tomcat-10.0.27/webapps/manager]에 대한 배치가 [130] 밀리초에 완료되었습니다.
15-Feb-2023 16:45:42.655 정보 [main] org.apache.catalina.startup.HostConfig.deployDirectory 웹 애플리케이션 디렉토리 [/UABS/UABS/GUI_JS/apache-tomcat-10.0.27/webapps/ROOT]을(를) 배치합니다.
15-Feb-2023 16:45:42.735 정보 [main] org.apache.catalina.startup.HostConfig.deployDirectory 웹 애플리케이션 디렉토리 [/UABS/UABS/GUI_JS/apache-tomcat-10.0.27/webapps/ROOT]에 대한 배치가 [80] 밀리초에 완료되었습니다.
15-Feb-2023 16:45:42.736 정보 [main] org.apache.catalina.startup.HostConfig.deployDirectory 웹 애플리케이션 디렉토리 [/UABS/UABS/GUI_JS/apache-tomcat-10.0.27/webapps/host-manager]을(를) 배치합니다.
15-Feb-2023 16:45:42.853 정보 [main] org.apache.catalina.startup.HostConfig.deployDirectory 웹 애플리케이션 디렉토리 [/UABS/UABS/GUI_JS/apache-tomcat-10.0.27/webapps/host-manager]에 대한 배치가 [118] 밀리초에 완료되었습니다.
15-Feb-2023 16:45:42.880 정보 [main] org.apache.catalina.startup.Catalina.start 서버가 [2527] 밀리초 내에 시작되었습니다.
15-Feb-2023 16:45:42.884 심각 [main] org.apache.catalina.core.StandardServer.await 주소 [localhost]와(과) 포트 [8005]에, 서버 셧다운 소켓을 생성하지 못했습니다. (base 포트 [8005], offset [0])
	java.net.BindException: 주소가 이미 사용 중입니다 (Bind failed)
		at java.net.PlainSocketImpl.socketBind(Native Method)
		at java.net.AbstractPlainSocketImpl.bind(AbstractPlainSocketImpl.java:387)
		at java.net.ServerSocket.bind(ServerSocket.java:390)
		at java.net.ServerSocket.<init>(ServerSocket.java:252)
		at org.apache.catalina.core.StandardServer.await(StandardServer.java:580)
		at org.apache.catalina.startup.Catalina.await(Catalina.java:887)
		at org.apache.catalina.startup.Catalina.start(Catalina.java:833)
		at sun.reflect.NativeMethodAccessorImpl.invoke0(Native Method)
		at sun.reflect.NativeMethodAccessorImpl.invoke(NativeMethodAccessorImpl.java:62)
		at sun.reflect.DelegatingMethodAccessorImpl.invoke(DelegatingMethodAccessorImpl.java:43)
		at java.lang.reflect.Method.invoke(Method.java:498)
		at org.apache.catalina.startup.Bootstrap.start(Bootstrap.java:345)
		at org.apache.catalina.startup.Bootstrap.main(Bootstrap.java:476)
15-Feb-2023 16:45:42.884 정보 [main] org.apache.coyote.AbstractProtocol.pause 프로토콜 핸들러 ["http-nio-80"]을(를) 일시 정지 중
15-Feb-2023 16:45:42.885 정보 [main] org.apache.catalina.core.StandardService.stopInternal 서비스 [Catalina]을(를) 중지시킵니다.
15-Feb-2023 16:45:42.971 정보 [main] org.apache.coyote.AbstractProtocol.stop 프로토콜 핸들러 ["http-nio-80"]을(를) 중지시킵니다.
15-Feb-2023 16:45:42.982 정보 [main] org.apache.coyote.AbstractProtocol.destroy 프로토콜 핸들러 ["http-nio-80"]을(를) 소멸시킵니다.
15-Feb-2023 16:46:59.641 정보 [Catalina-utility-1] org.apache.catalina.users.MemoryUserDatabase.backgroundProcess 변경된 소스 [file:/usr/local/apache-tomcat-10.0.27/conf/tomcat-users.xml](으)로부터 메모리 사용자 데이터베이스 [UserDatabase]을(를) 다시 로드합니다.
15-Feb-2023 16:46:59.644 정보 [Catalina-utility-1] org.apache.catalina.startup.HostConfig.deployDirectory 웹 애플리케이션 디렉토리 [/usr/local/apache-tomcat-10.0.27/webapps/examples]을(를) 배치합니다.
15-Feb-2023 16:46:59.992 정보 [Catalina-utility-1] org.apache.catalina.startup.HostConfig.deployDirectory 웹 애플리케이션 디렉토리 [/usr/local/apache-tomcat-10.0.27/webapps/examples]에 대한 배치가 [348] 밀리초에 완료되었습니다.
15-Feb-2023 16:46:59.993 정보 [Catalina-utility-1] org.apache.catalina.startup.HostConfig.deployDirectory 웹 애플리케이션 디렉토리 [/usr/local/apache-tomcat-10.0.27/webapps/docs]을(를) 배치합니다.
15-Feb-2023 16:47:00.023 정보 [Catalina-utility-1] org.apache.catalina.startup.HostConfig.deployDirectory 웹 애플리케이션 디렉토리 [/usr/local/apache-tomcat-10.0.27/webapps/docs]에 대한 배치가 [30] 밀리초에 완료되었습니다.
15-Feb-2023 16:47:00.023 정보 [Catalina-utility-1] org.apache.catalina.startup.HostConfig.deployDirectory 웹 애플리케이션 디렉토리 [/usr/local/apache-tomcat-10.0.27/webapps/manager]을(를) 배치합니다.
15-Feb-2023 16:47:00.062 정보 [Catalina-utility-1] org.apache.catalina.startup.HostConfig.deployDirectory 웹 애플리케이션 디렉토리 [/usr/local/apache-tomcat-10.0.27/webapps/manager]에 대한 배치가 [39] 밀리초에 완료되었습니다.
15-Feb-2023 16:47:00.064 정보 [Catalina-utility-1] org.apache.catalina.startup.HostConfig.deployDirectory 웹 애플리케이션 디렉토리 [/usr/local/apache-tomcat-10.0.27/webapps/ROOT]을(를) 배치합니다.
15-Feb-2023 16:47:00.099 정보 [Catalina-utility-1] org.apache.catalina.startup.HostConfig.deployDirectory 웹 애플리케이션 디렉토리 [/usr/local/apache-tomcat-10.0.27/webapps/ROOT]에 대한 배치가 [35] 밀리초에 완료되었습니다.
15-Feb-2023 16:47:00.099 정보 [Catalina-utility-1] org.apache.catalina.startup.HostConfig.deployDirectory 웹 애플리케이션 디렉토리 [/usr/local/apache-tomcat-10.0.27/webapps/host-manager]을(를) 배치합니다.
15-Feb-2023 16:47:00.152 정보 [Catalina-utility-1] org.apache.catalina.startup.HostConfig.deployDirectory 웹 애플리케이션 디렉토리 [/usr/local/apache-tomcat-10.0.27/webapps/host-manager]에 대한 배치가 [53] 밀리초에 완료되었습니다.
15-Feb-2023 16:47:01.925 정보 [main] org.apache.catalina.core.StandardServer.await 셧다운 포트를 통해 유효한 셧다운 명령을 받았습니다. 서버 인스턴스를 중지시킵니다.
15-Feb-2023 16:47:01.926 정보 [main] org.apache.coyote.AbstractProtocol.pause 프로토콜 핸들러 ["http-nio-80"]을(를) 일시 정지 중
15-Feb-2023 16:47:01.931 정보 [main] org.apache.catalina.core.StandardService.stopInternal 서비스 [Catalina]을(를) 중지시킵니다.
15-Feb-2023 16:47:02.033 정보 [main] org.apache.coyote.AbstractProtocol.stop 프로토콜 핸들러 ["http-nio-80"]을(를) 중지시킵니다.
15-Feb-2023 16:47:02.048 정보 [main] org.apache.coyote.AbstractProtocol.destroy 프로토콜 핸들러 ["http-nio-80"]을(를) 소멸시킵니다.
15-Feb-2023 16:47:05.502 정보 [main] org.apache.catalina.startup.VersionLoggerListener.log 서버 버전 이름:    Apache Tomcat/10.0.27
15-Feb-2023 16:47:05.514 정보 [main] org.apache.catalina.startup.VersionLoggerListener.log Server 빌드 시각:  Oct 3 2022 14:18:31 UTC
15-Feb-2023 16:47:05.515 정보 [main] org.apache.catalina.startup.VersionLoggerListener.log Server 버전 번호:  10.0.27.0
15-Feb-2023 16:47:05.515 정보 [main] org.apache.catalina.startup.VersionLoggerListener.log 운영체제 이름:     Linux
15-Feb-2023 16:47:05.515 정보 [main] org.apache.catalina.startup.VersionLoggerListener.log 운영체제 버전:     5.15.0-56-generic
15-Feb-2023 16:47:05.515 정보 [main] org.apache.catalina.startup.VersionLoggerListener.log 아키텍처:          amd64
15-Feb-2023 16:47:05.527 정보 [main] org.apache.catalina.startup.VersionLoggerListener.log 자바 홈:           /usr/lib/jvm/java-8-openjdk-amd64/jre
15-Feb-2023 16:47:05.541 정보 [main] org.apache.catalina.startup.VersionLoggerListener.log JVM 버전:          1.8.0_352-8u352-ga-1~20.04-b08
15-Feb-2023 16:47:05.541 정보 [main] org.apache.catalina.startup.VersionLoggerListener.log JVM 벤더:          Private Build
15-Feb-2023 16:47:05.542 정보 [main] org.apache.catalina.startup.VersionLoggerListener.log CATALINA_BASE:     /UABS/UABS/GUI_JS/apache-tomcat-10.0.27
15-Feb-2023 16:47:05.542 정보 [main] org.apache.catalina.startup.VersionLoggerListener.log CATALINA_HOME:     /UABS/UABS/GUI_JS/apache-tomcat-10.0.27
15-Feb-2023 16:47:05.543 정보 [main] org.apache.catalina.startup.VersionLoggerListener.log 명령 행 아규먼트:  -Djava.util.logging.config.file=/UABS/UABS/GUI_JS/apache-tomcat-10.0.27/conf/logging.properties
15-Feb-2023 16:47:05.562 정보 [main] org.apache.catalina.startup.VersionLoggerListener.log 명령 행 아규먼트:  -Djava.util.logging.manager=org.apache.juli.ClassLoaderLogManager
15-Feb-2023 16:47:05.563 정보 [main] org.apache.catalina.startup.VersionLoggerListener.log 명령 행 아규먼트:  -Djdk.tls.ephemeralDHKeySize=2048
15-Feb-2023 16:47:05.563 정보 [main] org.apache.catalina.startup.VersionLoggerListener.log 명령 행 아규먼트:  -Djava.protocol.handler.pkgs=org.apache.catalina.webresources
15-Feb-2023 16:47:05.563 정보 [main] org.apache.catalina.startup.VersionLoggerListener.log 명령 행 아규먼트:  -Dorg.apache.catalina.security.SecurityListener.UMASK=0027
15-Feb-2023 16:47:05.564 정보 [main] org.apache.catalina.startup.VersionLoggerListener.log 명령 행 아규먼트:  -Dignore.endorsed.dirs=
15-Feb-2023 16:47:05.564 정보 [main] org.apache.catalina.startup.VersionLoggerListener.log 명령 행 아규먼트:  -Dcatalina.base=/UABS/UABS/GUI_JS/apache-tomcat-10.0.27
15-Feb-2023 16:47:05.564 정보 [main] org.apache.catalina.startup.VersionLoggerListener.log 명령 행 아규먼트:  -Dcatalina.home=/UABS/UABS/GUI_JS/apache-tomcat-10.0.27
15-Feb-2023 16:47:05.565 정보 [main] org.apache.catalina.startup.VersionLoggerListener.log 명령 행 아규먼트:  -Djava.io.tmpdir=/UABS/UABS/GUI_JS/apache-tomcat-10.0.27/temp
15-Feb-2023 16:47:05.576 정보 [main] org.apache.catalina.core.AprLifecycleListener.lifecycleEvent 프로덕션 환경들에서 최적의 성능을 제공하는, APR 기반 Apache Tomcat Native 라이브러리가, 다음 java.library.path에서 발견되지 않습니다: [/usr/java/packages/lib/amd64:/usr/lib/x86_64-linux-gnu/jni:/lib/x86_64-linux-gnu:/usr/lib/x86_64-linux-gnu:/usr/lib/jni:/lib:/usr/lib]
15-Feb-2023 16:47:07.042 정보 [main] org.apache.coyote.AbstractProtocol.init 프로토콜 핸들러 ["http-nio-80"]을(를) 초기화합니다.
15-Feb-2023 16:47:07.109 정보 [main] org.apache.catalina.startup.Catalina.load [2409] 밀리초 내에 서버가 초기화되었습니다.
15-Feb-2023 16:47:07.232 정보 [main] org.apache.catalina.core.StandardService.startInternal 서비스 [Catalina]을(를) 시작합니다.
15-Feb-2023 16:47:07.239 정보 [main] org.apache.catalina.core.StandardEngine.startInternal 서버 엔진을 시작합니다: [Apache Tomcat/10.0.27]
15-Feb-2023 16:47:07.295 정보 [main] org.apache.catalina.startup.HostConfig.deployDirectory 웹 애플리케이션 디렉토리 [/UABS/UABS/GUI_JS/apache-tomcat-10.0.27/webapps/examples]을(를) 배치합니다.
15-Feb-2023 16:47:08.687 정보 [main] org.apache.catalina.startup.HostConfig.deployDirectory 웹 애플리케이션 디렉토리 [/UABS/UABS/GUI_JS/apache-tomcat-10.0.27/webapps/examples]에 대한 배치가 [1,390] 밀리초에 완료되었습니다.
15-Feb-2023 16:47:08.688 정보 [main] org.apache.catalina.startup.HostConfig.deployDirectory 웹 애플리케이션 디렉토리 [/UABS/UABS/GUI_JS/apache-tomcat-10.0.27/webapps/docs]을(를) 배치합니다.
15-Feb-2023 16:47:08.739 정보 [main] org.apache.catalina.startup.HostConfig.deployDirectory 웹 애플리케이션 디렉토리 [/UABS/UABS/GUI_JS/apache-tomcat-10.0.27/webapps/docs]에 대한 배치가 [52] 밀리초에 완료되었습니다.
15-Feb-2023 16:47:08.741 정보 [main] org.apache.catalina.startup.HostConfig.deployDirectory 웹 애플리케이션 디렉토리 [/UABS/UABS/GUI_JS/apache-tomcat-10.0.27/webapps/manager]을(를) 배치합니다.
15-Feb-2023 16:47:08.813 정보 [main] org.apache.catalina.startup.HostConfig.deployDirectory 웹 애플리케이션 디렉토리 [/UABS/UABS/GUI_JS/apache-tomcat-10.0.27/webapps/manager]에 대한 배치가 [73] 밀리초에 완료되었습니다.
15-Feb-2023 16:47:08.813 정보 [main] org.apache.catalina.startup.HostConfig.deployDirectory 웹 애플리케이션 디렉토리 [/UABS/UABS/GUI_JS/apache-tomcat-10.0.27/webapps/ROOT]을(를) 배치합니다.
15-Feb-2023 16:47:08.863 정보 [main] org.apache.catalina.startup.HostConfig.deployDirectory 웹 애플리케이션 디렉토리 [/UABS/UABS/GUI_JS/apache-tomcat-10.0.27/webapps/ROOT]에 대한 배치가 [47] 밀리초에 완료되었습니다.
15-Feb-2023 16:47:08.864 정보 [main] org.apache.catalina.startup.HostConfig.deployDirectory 웹 애플리케이션 디렉토리 [/UABS/UABS/GUI_JS/apache-tomcat-10.0.27/webapps/host-manager]을(를) 배치합니다.
15-Feb-2023 16:47:08.919 정보 [main] org.apache.catalina.startup.HostConfig.deployDirectory 웹 애플리케이션 디렉토리 [/UABS/UABS/GUI_JS/apache-tomcat-10.0.27/webapps/host-manager]에 대한 배치가 [55] 밀리초에 완료되었습니다.
15-Feb-2023 16:47:08.924 정보 [main] org.apache.coyote.AbstractProtocol.start 프로토콜 핸들러 ["http-nio-80"]을(를) 시작합니다.
15-Feb-2023 16:47:08.954 정보 [main] org.apache.catalina.startup.Catalina.start 서버가 [1844] 밀리초 내에 시작되었습니다.
15-Feb-2023 17:12:29.411 정보 [main] org.apache.catalina.core.StandardServer.await 셧다운 포트를 통해 유효한 셧다운 명령을 받았습니다. 서버 인스턴스를 중지시킵니다.
15-Feb-2023 17:12:29.412 정보 [main] org.apache.coyote.AbstractProtocol.pause 프로토콜 핸들러 ["http-nio-80"]을(를) 일시 정지 중
15-Feb-2023 17:12:29.418 정보 [main] org.apache.catalina.core.StandardService.stopInternal 서비스 [Catalina]을(를) 중지시킵니다.
15-Feb-2023 17:12:29.490 정보 [main] org.apache.coyote.AbstractProtocol.stop 프로토콜 핸들러 ["http-nio-80"]을(를) 중지시킵니다.
15-Feb-2023 17:12:29.509 정보 [main] org.apache.coyote.AbstractProtocol.destroy 프로토콜 핸들러 ["http-nio-80"]을(를) 소멸시킵니다.
